0	1	mikroCARM.exe -MSF -DBG -pSTM32F407VG -RA -LHF -DL -SSA -O11111114 -fo8 -N"C:\Users\ayo\Google Drive\DAA STEM Academy\Hack Software\Tea Brew Hack Firmware\Tea Brew Hack TX Firmware\Tea_Brew_TX.mcpar" -SP"C:\Users\Public\Documents\Mikroelektronika\mikroC PRO for ARM\defs\" -SP"C:\Users\ayo\Google Drive\DAA STEM Academy\Hack Software\Tea Brew Hack Firmware\Tea Brew Hack TX Firmware\" -SP"C:\Users\Public\Documents\Mikroelektronika\mikroC PRO for ARM\Uses\ST M4\" "SHT11_click.c" "SHT11_driver.c" "__Lib_Math.emcl" "__Lib_MathDouble.emcl" "__Lib_Delays.emcl" "__Lib_System_4XX.emcl" "__Lib_GPIO_32F4xx_Defs.emcl" "__Lib_GPIO_32F4xx.emcl" "__Lib_CType.emcl" "__Lib_CString.emcl" "__Lib_CStdlib.emcl" "__Lib_CMath.emcl" "__Lib_Conversions.emcl" "__Lib_UART_123_45_6.emcl"	 
diagnostics: 0	122	Compilation Started	STM32F407VG.c
diagnostics: 57000	123	Compiled Successfully	STM32F407VG.c
diagnostics: 0	122	Compilation Started	__Lib_Delays.c
diagnostics: 119	123	Compiled Successfully	__Lib_Delays.c
hint: 66	1164	Variable 'cycles_div_by_10' has been eliminated by optimizer	__Lib_Delays.c
hint: 88	1164	Variable 'NumberOfCyc' has been eliminated by optimizer	__Lib_Delays.c
hint: 105	1164	Variable 'NumberOfCyc' has been eliminated by optimizer	__Lib_Delays.c
diagnostics: 0	122	Compilation Started	__lib_gpio.h
diagnostics: 870	123	Compiled Successfully	__Lib_GPIO_32F4xx_Defs.c
diagnostics: 0	122	Compilation Started	SHT11_click.c
hint: 0	1004	interrupt handler (interrupt at 0x0057)	SHT11_click.c
hint: 105	1163	Variable 'i' has been declared, but not used	SHT11_click.c
diagnostics: 145	123	Compiled Successfully	SHT11_click.c
diagnostics: 0	122	Compilation Started	SHT11_driver.c
diagnostics: 342	123	Compiled Successfully	SHT11_driver.c
hint: 172	1164	Variable 'checksum' has been eliminated by optimizer	SHT11_driver.c
hint: 223	1164	Variable 't_out' has been eliminated by optimizer	SHT11_driver.c
hint: 236	1164	Variable 'rh_lin' has been eliminated by optimizer	SHT11_driver.c
hint: 238	1164	Variable 't_C' has been eliminated by optimizer	SHT11_driver.c
hint: 264	1164	Variable 'value' has been eliminated by optimizer	SHT11_driver.c
hint: 285	1164	Variable 'checksum' has been eliminated by optimizer	SHT11_driver.c
diagnostics: 0	127	All files Compiled in 656 ms	 
hint: 0	1144	Used RX: 16 (100%)   Free RX: 0 (0%)	Used RX: 16 (100%)   Free RX: 0 (0%)
hint: 0	1144	Static RAM (bytes): 69   Dynamic RAM (bytes): 131000	Static RAM (bytes): 69   Dynamic RAM (bytes): 131000
hint: 0	1144	Used ROM (bytes): 4634 (0%)  Free ROM (bytes): 1043942 (100%)	Used ROM (bytes): 4634 (0%)  Free ROM (bytes): 1043942 (100%)
diagnostics: 0	125	Project Linked Successfully	Tea_Brew_TX.mcpar
diagnostics: 0	128	Linked in 1594 ms	 
diagnostics: 0	129	Project 'Tea_Brew_TX.mcpar' completed: 6766 ms	 
diagnostics: 0	103	Finished successfully: 31 May 2015, 14:00:04	Tea_Brew_TX.mcpar
